<?xml version="1.0" encoding="UTF-8"?>
<testng-results ignored="0" total="1" passed="1" failed="0" skipped="0">
  <reporter-output>
  </reporter-output>
  <suite started-at="2023-06-06T18:27:35 EEST" name="Suite" finished-at="2023-06-06T18:27:52 EEST" duration-ms="17636">
    <groups>
    </groups>
    <test started-at="2023-06-06T18:27:35 EEST" name="Test" finished-at="2023-06-06T18:27:52 EEST" duration-ms="17636">
      <class name="SwtichCommands.DragandDrop">
        <test-method signature="DragDro()[pri:0, instance:SwtichCommands.DragandDrop@515aebb0]" started-at="2023-06-06T18:27:35 EEST" name="DragDro" finished-at="2023-06-06T18:27:52 EEST" duration-ms="17597" status="PASS">
          <reporter-output>
          </reporter-output>
        </test-method> <!-- DragDro -->
      </class> <!-- SwtichCommands.DragandDrop -->
    </test> <!-- Test -->
  </suite> <!-- Suite -->
</testng-results>
