<?xml version="1.0" encoding="UTF-8"?>
<testng-results ignored="0" total="1" passed="1" failed="0" skipped="0">
  <reporter-output>
  </reporter-output>
  <suite started-at="2023-05-21T22:39:00 EEST" name="Default suite" finished-at="2023-05-21T22:39:01 EEST" duration-ms="687">
    <groups>
    </groups>
    <test started-at="2023-05-21T22:39:00 EEST" name="Default test" finished-at="2023-05-21T22:39:01 EEST" duration-ms="687">
      <class name="ReadValuesFromExcel.ReadValuesExcel">
        <test-method signature="dataReadTest()[pri:0, instance:ReadValuesFromExcel.ReadValuesExcel@2d901eb0]" started-at="2023-05-21T22:39:00 EEST" name="dataReadTest" finished-at="2023-05-21T22:39:01 EEST" duration-ms="645" status="PASS">
          <reporter-output>
          </reporter-output>
        </test-method> <!-- dataReadTest -->
      </class> <!-- ReadValuesFromExcel.ReadValuesExcel -->
    </test> <!-- Default test -->
  </suite> <!-- Default suite -->
</testng-results>
