<?xml version="1.0" encoding="UTF-8"?>
<testng-results ignored="0" total="1" passed="1" failed="0" skipped="0">
  <reporter-output>
  </reporter-output>
  <suite started-at="2023-06-06T18:40:14 EEST" name="Default suite" finished-at="2023-06-06T18:40:33 EEST" duration-ms="18549">
    <groups>
    </groups>
    <test started-at="2023-06-06T18:40:14 EEST" name="Default test" finished-at="2023-06-06T18:40:33 EEST" duration-ms="18549">
      <class name="RobotClass.RobotClassSelenium">
        <test-method signature="KeyBoard()[pri:0, instance:RobotClass.RobotClassSelenium@72cc7e6f]" started-at="2023-06-06T18:40:14 EEST" name="KeyBoard" finished-at="2023-06-06T18:40:33 EEST" duration-ms="18490" status="PASS">
          <reporter-output>
          </reporter-output>
        </test-method> <!-- KeyBoard -->
      </class> <!-- RobotClass.RobotClassSelenium -->
    </test> <!-- Default test -->
  </suite> <!-- Default suite -->
</testng-results>
